<?xml version="1.0" encoding="UTF-8"?>
<testng-results ignored="0" total="0" passed="0" failed="0" skipped="0">
  <reporter-output>
  </reporter-output>
  <suite started-at="2020-11-18T16:41:04 KST" name="Surefire suite" finished-at="2020-11-18T16:41:04 KST" duration-ms="193">
    <groups>
    </groups>
    <test started-at="2020-11-18T16:41:04 KST" name="Surefire test" finished-at="2020-11-18T16:41:04 KST" duration-ms="193">
    </test> <!-- Surefire test -->
  </suite> <!-- Surefire suite -->
</testng-results>
